# JRE version: Java(TM) SE Runtime Environment (8.0_20-b26) (build 1.8.0_20-b26)
# Java VM: Java HotSpot(TM) 64-Bit Server VM (25.20-b23 mixed mode bsd-amd64 compressed oops)
Heap:
 PSYoungGen      total 76288K, used 12481K [0x000000076ab00000, 0x0000000770000000, 0x00000007c0000000)
  eden space 65536K, 19% used [0x000000076ab00000,0x000000076b730560,0x000000076eb00000)
  from space 10752K, 0% used [0x000000076eb00000,0x000000076eb00000,0x000000076f580000)
  to   space 10752K, 0% used [0x000000076f580000,0x000000076f580000,0x0000000770000000)
 ParOldGen       total 72192K, used 6288K [0x00000006c0000000, 0x00000006c4680000, 0x000000076ab00000)
  object space 72192K, 8% used [0x00000006c0000000,0x00000006c0624150,0x00000006c4680000)
 Metaspace       used 20935K, capacity 21928K, committed 22144K, reserved 1069056K
  class space    used 2999K, capacity 3141K, committed 3200K, reserved 1048576K
GC Heap History (4 events):
Event: 10.422 GC heap before
{Heap before GC invocations=1 (full 0):
 PSYoungGen      total 76288K, used 49440K [0x000000076ab00000, 0x0000000770000000, 0x00000007c0000000)
  eden space 65536K, 75% used [0x000000076ab00000,0x000000076db480d8,0x000000076eb00000)
  from space 10752K, 0% used [0x000000076f580000,0x000000076f580000,0x0000000770000000)
  to   space 10752K, 0% used [0x000000076eb00000,0x000000076eb00000,0x000000076f580000)
 ParOldGen       total 175104K, used 0K [0x00000006c0000000, 0x00000006cab00000, 0x000000076ab00000)
  object space 175104K, 0% used [0x00000006c0000000,0x00000006c0000000,0x00000006cab00000)
 Metaspace       used 20214K, capacity 21144K, committed 21296K, reserved 1067008K
  class space    used 2945K, capacity 3090K, committed 3200K, reserved 1048576K
Event: 10.433 GC heap after
Heap after GC invocations=1 (full 0):
 PSYoungGen      total 76288K, used 6728K [0x000000076ab00000, 0x0000000770000000, 0x00000007c0000000)
  eden space 65536K, 0% used [0x000000076ab00000,0x000000076ab00000,0x000000076eb00000)
  from space 10752K, 62% used [0x000000076eb00000,0x000000076f192070,0x000000076f580000)
  to   space 10752K, 0% used [0x000000076f580000,0x000000076f580000,0x0000000770000000)
 ParOldGen       total 175104K, used 88K [0x00000006c0000000, 0x00000006cab00000, 0x000000076ab00000)
  object space 175104K, 0% used [0x00000006c0000000,0x00000006c0016010,0x00000006cab00000)
 Metaspace       used 20214K, capacity 21144K, committed 21296K, reserved 1067008K
  class space    used 2945K, capacity 3090K, committed 3200K, reserved 1048576K
}
Event: 10.433 GC heap before
{Heap before GC invocations=2 (full 1):
 PSYoungGen      total 76288K, used 6728K [0x000000076ab00000, 0x0000000770000000, 0x00000007c0000000)
  eden space 65536K, 0% used [0x000000076ab00000,0x000000076ab00000,0x000000076eb00000)
  from space 10752K, 62% used [0x000000076eb00000,0x000000076f192070,0x000000076f580000)
  to   space 10752K, 0% used [0x000000076f580000,0x000000076f580000,0x0000000770000000)
 ParOldGen       total 175104K, used 88K [0x00000006c0000000, 0x00000006cab00000, 0x000000076ab00000)
  object space 175104K, 0% used [0x00000006c0000000,0x00000006c0016010,0x00000006cab00000)
 Metaspace       used 20214K, capacity 21144K, committed 21296K, reserved 1067008K
  class space    used 2945K, capacity 3090K, committed 3200K, reserved 1048576K
Event: 10.470 GC heap after
Heap after GC invocations=2 (full 1):
 PSYoungGen      total 76288K, used 0K [0x000000076ab00000, 0x0000000770000000, 0x00000007c0000000)
  eden space 65536K, 0% used [0x000000076ab00000,0x000000076ab00000,0x000000076eb00000)
  from space 10752K, 0% used [0x000000076eb00000,0x000000076eb00000,0x000000076f580000)
  to   space 10752K, 0% used [0x000000076f580000,0x000000076f580000,0x0000000770000000)
 ParOldGen       total 72192K, used 6288K [0x00000006c0000000, 0x00000006c4680000, 0x000000076ab00000)
  object space 72192K, 8% used [0x00000006c0000000,0x00000006c0624150,0x00000006c4680000)
 Metaspace       used 20213K, capacity 21142K, committed 21296K, reserved 1067008K
  class space    used 2944K, capacity 3089K, committed 3200K, reserved 1048576K
}

