# JRE version: Java(TM) SE Runtime Environment (8.0_20-b26) (build 1.8.0_20-b26)
# Java VM: Java HotSpot(TM) 64-Bit Server VM (25.20-b23 mixed mode bsd-amd64 compressed oops)
Heap:
 PSYoungGen      total 76288K, used 6718K [0x000000076ab00000, 0x0000000770000000, 0x00000007c0000000)
  eden space 65536K, 10% used [0x000000076ab00000,0x000000076b18f988,0x000000076eb00000)
  from space 10752K, 0% used [0x000000076eb00000,0x000000076eb00000,0x000000076f580000)
  to   space 10752K, 0% used [0x000000076f580000,0x000000076f580000,0x0000000770000000)
 ParOldGen       total 124416K, used 6399K [0x00000006c0000000, 0x00000006c7980000, 0x000000076ab00000)
  object space 124416K, 5% used [0x00000006c0000000,0x00000006c063fd60,0x00000006c7980000)
 Metaspace       used 20719K, capacity 21868K, committed 22016K, reserved 1069056K
  class space    used 3071K, capacity 3241K, committed 3328K, reserved 1048576K
GC Heap History (4 events):
Event: 1.767 GC heap before
{Heap before GC invocations=1 (full 0):
 PSYoungGen      total 76288K, used 50322K [0x000000076ab00000, 0x0000000770000000, 0x00000007c0000000)
  eden space 65536K, 76% used [0x000000076ab00000,0x000000076dc24bd8,0x000000076eb00000)
  from space 10752K, 0% used [0x000000076f580000,0x000000076f580000,0x0000000770000000)
  to   space 10752K, 0% used [0x000000076eb00000,0x000000076eb00000,0x000000076f580000)
 ParOldGen       total 175104K, used 0K [0x00000006c0000000, 0x00000006cab00000, 0x000000076ab00000)
  object space 175104K, 0% used [0x00000006c0000000,0x00000006c0000000,0x00000006cab00000)
 Metaspace       used 20251K, capacity 21262K, committed 21296K, reserved 1067008K
  class space    used 3026K, capacity 3174K, committed 3200K, reserved 1048576K
Event: 1.781 GC heap after
Heap after GC invocations=1 (full 0):
 PSYoungGen      total 76288K, used 6786K [0x000000076ab00000, 0x0000000770000000, 0x00000007c0000000)
  eden space 65536K, 0% used [0x000000076ab00000,0x000000076ab00000,0x000000076eb00000)
  from space 10752K, 63% used [0x000000076eb00000,0x000000076f1a0ad0,0x000000076f580000)
  to   space 10752K, 0% used [0x000000076f580000,0x000000076f580000,0x0000000770000000)
 ParOldGen       total 175104K, used 80K [0x00000006c0000000, 0x00000006cab00000, 0x000000076ab00000)
  object space 175104K, 0% used [0x00000006c0000000,0x00000006c0014010,0x00000006cab00000)
 Metaspace       used 20251K, capacity 21262K, committed 21296K, reserved 1067008K
  class space    used 3026K, capacity 3174K, committed 3200K, reserved 1048576K
}
Event: 1.781 GC heap before
{Heap before GC invocations=2 (full 1):
 PSYoungGen      total 76288K, used 6786K [0x000000076ab00000, 0x0000000770000000, 0x00000007c0000000)
  eden space 65536K, 0% used [0x000000076ab00000,0x000000076ab00000,0x000000076eb00000)
  from space 10752K, 63% used [0x000000076eb00000,0x000000076f1a0ad0,0x000000076f580000)
  to   space 10752K, 0% used [0x000000076f580000,0x000000076f580000,0x0000000770000000)
 ParOldGen       total 175104K, used 80K [0x00000006c0000000, 0x00000006cab00000, 0x000000076ab00000)
  object space 175104K, 0% used [0x00000006c0000000,0x00000006c0014010,0x00000006cab00000)
 Metaspace       used 20251K, capacity 21262K, committed 21296K, reserved 1067008K
  class space    used 3026K, capacity 3174K, committed 3200K, reserved 1048576K
Event: 1.833 GC heap after
Heap after GC invocations=2 (full 1):
 PSYoungGen      total 76288K, used 0K [0x000000076ab00000, 0x0000000770000000, 0x00000007c0000000)
  eden space 65536K, 0% used [0x000000076ab00000,0x000000076ab00000,0x000000076eb00000)
  from space 10752K, 0% used [0x000000076eb00000,0x000000076eb00000,0x000000076f580000)
  to   space 10752K, 0% used [0x000000076f580000,0x000000076f580000,0x0000000770000000)
 ParOldGen       total 124416K, used 6399K [0x00000006c0000000, 0x00000006c7980000, 0x000000076ab00000)
  object space 124416K, 5% used [0x00000006c0000000,0x00000006c063fd60,0x00000006c7980000)
 Metaspace       used 20249K, capacity 21260K, committed 21296K, reserved 1067008K
  class space    used 3025K, capacity 3173K, committed 3200K, reserved 1048576K
}

