# JRE version: Java(TM) SE Runtime Environment (8.0_20-b26) (build 1.8.0_20-b26)
# Java VM: Java HotSpot(TM) 64-Bit Server VM (25.20-b23 mixed mode bsd-amd64 compressed oops)
Heap:
 PSYoungGen      total 76288K, used 3042K [0x000000076ab00000, 0x0000000774000000, 0x00000007c0000000)
  eden space 65536K, 4% used [0x000000076ab00000,0x000000076adf88d0,0x000000076eb00000)
  from space 10752K, 0% used [0x000000076eb00000,0x000000076eb00000,0x000000076f580000)
  to   space 10752K, 0% used [0x0000000773580000,0x0000000773580000,0x0000000774000000)
 ParOldGen       total 119296K, used 6466K [0x00000006c0000000, 0x00000006c7480000, 0x000000076ab00000)
  object space 119296K, 5% used [0x00000006c0000000,0x00000006c06509e8,0x00000006c7480000)
 Metaspace       used 20548K, capacity 21660K, committed 21760K, reserved 1067008K
  class space    used 3061K, capacity 3241K, committed 3328K, reserved 1048576K
GC Heap History (4 events):
Event: 2.064 GC heap before
{Heap before GC invocations=1 (full 0):
 PSYoungGen      total 76288K, used 50754K [0x000000076ab00000, 0x0000000770000000, 0x00000007c0000000)
  eden space 65536K, 77% used [0x000000076ab00000,0x000000076dc90b68,0x000000076eb00000)
  from space 10752K, 0% used [0x000000076f580000,0x000000076f580000,0x0000000770000000)
  to   space 10752K, 0% used [0x000000076eb00000,0x000000076eb00000,0x000000076f580000)
 ParOldGen       total 175104K, used 0K [0x00000006c0000000, 0x00000006cab00000, 0x000000076ab00000)
  object space 175104K, 0% used [0x00000006c0000000,0x00000006c0000000,0x00000006cab00000)
 Metaspace       used 20250K, capacity 21262K, committed 21296K, reserved 1067008K
  class space    used 3027K, capacity 3174K, committed 3200K, reserved 1048576K
Event: 2.087 GC heap after
Heap after GC invocations=1 (full 0):
 PSYoungGen      total 76288K, used 6906K [0x000000076ab00000, 0x0000000774000000, 0x00000007c0000000)
  eden space 65536K, 0% used [0x000000076ab00000,0x000000076ab00000,0x000000076eb00000)
  from space 10752K, 64% used [0x000000076eb00000,0x000000076f1bead0,0x000000076f580000)
  to   space 10752K, 0% used [0x0000000773580000,0x0000000773580000,0x0000000774000000)
 ParOldGen       total 175104K, used 80K [0x00000006c0000000, 0x00000006cab00000, 0x000000076ab00000)
  object space 175104K, 0% used [0x00000006c0000000,0x00000006c0014010,0x00000006cab00000)
 Metaspace       used 20250K, capacity 21262K, committed 21296K, reserved 1067008K
  class space    used 3027K, capacity 3174K, committed 3200K, reserved 1048576K
}
Event: 2.087 GC heap before
{Heap before GC invocations=2 (full 1):
 PSYoungGen      total 76288K, used 6906K [0x000000076ab00000, 0x0000000774000000, 0x00000007c0000000)
  eden space 65536K, 0% used [0x000000076ab00000,0x000000076ab00000,0x000000076eb00000)
  from space 10752K, 64% used [0x000000076eb00000,0x000000076f1bead0,0x000000076f580000)
  to   space 10752K, 0% used [0x0000000773580000,0x0000000773580000,0x0000000774000000)
 ParOldGen       total 175104K, used 80K [0x00000006c0000000, 0x00000006cab00000, 0x000000076ab00000)
  object space 175104K, 0% used [0x00000006c0000000,0x00000006c0014010,0x00000006cab00000)
 Metaspace       used 20250K, capacity 21262K, committed 21296K, reserved 1067008K
  class space    used 3027K, capacity 3174K, committed 3200K, reserved 1048576K
Event: 2.146 GC heap after
Heap after GC invocations=2 (full 1):
 PSYoungGen      total 76288K, used 0K [0x000000076ab00000, 0x0000000774000000, 0x00000007c0000000)
  eden space 65536K, 0% used [0x000000076ab00000,0x000000076ab00000,0x000000076eb00000)
  from space 10752K, 0% used [0x000000076eb00000,0x000000076eb00000,0x000000076f580000)
  to   space 10752K, 0% used [0x0000000773580000,0x0000000773580000,0x0000000774000000)
 ParOldGen       total 119296K, used 6466K [0x00000006c0000000, 0x00000006c7480000, 0x000000076ab00000)
  object space 119296K, 5% used [0x00000006c0000000,0x00000006c06509e8,0x00000006c7480000)
 Metaspace       used 20248K, capacity 21260K, committed 21296K, reserved 1067008K
  class space    used 3026K, capacity 3173K, committed 3200K, reserved 1048576K
}

